Build started 9/25/2014 4:28:49 PM.
     1>Project "C:\Users\Husker\Documents\andres\routine\gVision\gVision\gVision.vcxproj" on node 2 (Build target(s)).
     1>ClCompile:
         C:\Program Files (x86)\Microsoft Visual Studio 12.0\VC\bin\CL.exe /c /IC:\opencv\build\include /ZI /nologo /W3 /WX- /Od /Oy- /D WIN32 /D _DEBUG /D _WINDOWS /D _USRDLL /D GVISION_EXPORTS /D _WINDLL /D _UNICODE /D UNICODE /Gm /EHsc /RTC1 /MDd /GS /fp:precise /Zc:wchar_t /Zc:forScope /Yu"stdafx.h" /Fp"Debug\gVision.pch" /Fo"Debug\\" /Fd"Debug\vc120.pdb" /Gd /TP /analyze- /errorReport:prompt gVision.cpp
         gVision.cpp
     1>c:\users\husker\documents\andres\routine\gvision\gvision\gvision.cpp(51): warning C4244: '=' : conversion from 'double' to 'float', possible loss of data
     1>c:\users\husker\documents\andres\routine\gvision\gvision\gvision.cpp(105): warning C4309: 'argument' : truncation of constant value
     1>c:\users\husker\documents\andres\routine\gvision\gvision\gvision.cpp(115): warning C4244: 'initializing' : conversion from 'int' to 'float', possible loss of data
     1>c:\users\husker\documents\andres\routine\gvision\gvision\gvision.cpp(122): warning C4244: 'initializing' : conversion from 'double' to 'float', possible loss of data
     1>c:\users\husker\documents\andres\routine\gvision\gvision\gvision.cpp(145): warning C4244: 'initializing' : conversion from 'float' to 'int', possible loss of data
     1>c:\users\husker\documents\andres\routine\gvision\gvision\gvision.cpp(146): warning C4244: 'initializing' : conversion from 'float' to 'int', possible loss of data
     1>c:\users\husker\documents\andres\routine\gvision\gvision\gvision.cpp(151): warning C4800: 'int' : forcing value to bool 'true' or 'false' (performance warning)
     1>c:\users\husker\documents\andres\routine\gvision\gvision\gvision.cpp(155): warning C4800: 'int' : forcing value to bool 'true' or 'false' (performance warning)
     1>c:\users\husker\documents\andres\routine\gvision\gvision\gvision.cpp(174): warning C4244: 'initializing' : conversion from 'double' to 'float', possible loss of data
     1>c:\users\husker\documents\andres\routine\gvision\gvision\gvision.cpp(175): warning C4244: 'initializing' : conversion from 'double' to 'float', possible loss of data
       Link:
         C:\Program Files (x86)\Microsoft Visual Studio 12.0\VC\bin\link.exe /ERRORREPORT:PROMPT /OUT:"C:\Users\Husker\Documents\andres\routine\gVision\Debug\gVision.dll" /INCREMENTAL /NOLOGO /LIBPATH:C:\opencv\build\x86\vc12\lib opencv_calib3d249d.lib opencv_contrib249d.lib opencv_core249d.lib opencv_features2d249d.lib opencv_flann249d.lib opencv_gpu249d.lib opencv_highgui249d.lib opencv_imgproc249d.lib opencv_legacy249d.lib opencv_ml249d.lib opencv_nonfree249d.lib opencv_objdetect249d.lib opencv_ocl249d.lib opencv_photo249d.lib opencv_stitching249d.lib opencv_superres249d.lib opencv_ts249d.lib opencv_video249d.lib kernel32.lib user32.lib gdi32.lib winspool.lib comdlg32.lib advapi32.lib shell32.lib ole32.lib oleaut32.lib uuid.lib odbc32.lib odbccp32.lib /MANIFEST /MANIFESTUAC:"level='asInvoker' uiAccess='false'" /manifest:embed /DEBUG /PDB:"C:\Users\Husker\Documents\andres\routine\gVision\Debug\gVision.pdb" /SUBSYSTEM:WINDOWS /TLBID:1 /DYNAMICBASE /NXCOMPAT /IMPLIB:"C:\Users\Husker\Documents\andres\routine\gVision\Debug\gVision.lib" /MACHINE:X86 /DLL Debug\dllmain.obj
         Debug\gVision.obj
         Debug\stdafx.obj
         gVision.vcxproj -> C:\Users\Husker\Documents\andres\routine\gVision\Debug\gVision.dll
     1>Done Building Project "C:\Users\Husker\Documents\andres\routine\gVision\gVision\gVision.vcxproj" (Build target(s)).

Build succeeded.

Time Elapsed 00:00:03.93
