c:\users\husker\documents\visual studio 2013\projects\gvision\gvision\debug\gvision.pch
c:\users\husker\documents\visual studio 2013\projects\gvision\gvision\debug\vc120.pdb
c:\users\husker\documents\visual studio 2013\projects\gvision\gvision\debug\vc120.idb
c:\users\husker\documents\visual studio 2013\projects\gvision\gvision\debug\stdafx.obj
c:\users\husker\documents\visual studio 2013\projects\gvision\gvision\debug\dllmain.obj
c:\users\husker\documents\visual studio 2013\projects\gvision\gvision\debug\gvision.obj
c:\users\husker\documents\andres\routine\gvision\gvision\debug\gvision.pch
c:\users\husker\documents\andres\routine\gvision\gvision\debug\vc120.pdb
c:\users\husker\documents\visual studio 2013\projects\gvision\debug\gvision.lib
c:\users\husker\documents\visual studio 2013\projects\gvision\debug\gvision.exp
c:\users\husker\documents\visual studio 2013\projects\gvision\debug\gvision.ilk
c:\users\husker\documents\visual studio 2013\projects\gvision\debug\gvision.dll
c:\users\husker\documents\visual studio 2013\projects\gvision\debug\gvision.pdb
c:\users\husker\documents\andres\routine\gvision\gvision\debug\dllmain.obj
c:\users\husker\documents\andres\routine\gvision\gvision\debug\gvision.obj
c:\users\husker\documents\andres\routine\gvision\gvision\debug\stdafx.obj
c:\users\husker\documents\andres\routine\gvision\gvision\debug\vc120.idb
c:\users\husker\documents\andres\routine\gvision\debug\gvision.pdb
c:\users\husker\documents\andres\routine\gvision\debug\gvision.dll
c:\users\husker\documents\andres\routine\gvision\debug\gvision.ilk
c:\users\husker\documents\andres\routine\gvision\gvision\debug\gvision.tlog\cl.command.1.tlog
c:\users\husker\documents\andres\routine\gvision\gvision\debug\gvision.tlog\cl.read.1.tlog
c:\users\husker\documents\andres\routine\gvision\gvision\debug\gvision.tlog\cl.write.1.tlog
c:\users\husker\documents\andres\routine\gvision\gvision\debug\gvision.tlog\gvision.write.1u.tlog
c:\users\husker\documents\andres\routine\gvision\gvision\debug\gvision.tlog\link.command.1.tlog
c:\users\husker\documents\andres\routine\gvision\gvision\debug\gvision.tlog\link.read.1.tlog
c:\users\husker\documents\andres\routine\gvision\gvision\debug\gvision.tlog\link.write.1.tlog
