Build started 11/23/2015 4:37:23 PM.
     1>Project "C:\Users\Husker\Desktop\gantry\gVision\gVision\gVision.vcxproj" on node 2 (Build target(s)).
     1>ClCompile:
         C:\Program Files (x86)\Microsoft Visual Studio 14.0\VC\bin\CL.exe /c /IC:\opencv3.0.0\install\include /Zi /nologo /W3 /WX- /O2 /Oi /Oy- /GL /D WIN32 /D NDEBUG /D _WINDOWS /D _USRDLL /D GVISION_EXPORTS /D _WINDLL /D _UNICODE /D UNICODE /Gm- /EHsc /MD /GS /Gy /fp:precise /Zc:wchar_t /Zc:forScope /Zc:inline /Yu"stdafx.h" /Fp"Release\gVision.pch" /Fo"Release\\" /Fd"Release\vc140.pdb" /Gd /TP /analyze- /errorReport:prompt gVision.cpp safe_move.cpp
         gVision.cpp
     1>gVision.cpp(50): warning C4800: 'int': forcing value to bool 'true' or 'false' (performance warning)
     1>gVision.cpp(57): warning C4244: '=': conversion from 'double' to 'float', possible loss of data
     1>gVision.cpp(111): warning C4309: 'argument': truncation of constant value
     1>gVision.cpp(121): warning C4244: 'initializing': conversion from 'int' to 'float', possible loss of data
     1>gVision.cpp(128): warning C4244: 'initializing': conversion from 'double' to 'float', possible loss of data
     1>gVision.cpp(151): warning C4244: 'initializing': conversion from 'float' to 'int', possible loss of data
     1>gVision.cpp(152): warning C4244: 'initializing': conversion from 'float' to 'int', possible loss of data
     1>gVision.cpp(154): warning C4800: 'int': forcing value to bool 'true' or 'false' (performance warning)
     1>gVision.cpp(158): warning C4800: 'int': forcing value to bool 'true' or 'false' (performance warning)
     1>gVision.cpp(162): warning C4800: 'int': forcing value to bool 'true' or 'false' (performance warning)
     1>gVision.cpp(181): warning C4244: 'initializing': conversion from 'double' to 'float', possible loss of data
     1>gVision.cpp(182): warning C4244: 'initializing': conversion from 'double' to 'float', possible loss of data
         safe_move.cpp
     1>safe_move.cpp(137): warning C4244: 'initializing': conversion from 'double' to 'float', possible loss of data
     1>safe_move.cpp(138): warning C4244: 'initializing': conversion from 'double' to 'float', possible loss of data
     1>safe_move.cpp(139): warning C4244: 'initializing': conversion from 'double' to 'float', possible loss of data
       Link:
         C:\Program Files (x86)\Microsoft Visual Studio 14.0\VC\bin\link.exe /ERRORREPORT:PROMPT /OUT:"C:\Users\Husker\Desktop\gantry\gVision\Release\gVision.dll" /INCREMENTAL:NO /NOLOGO /LIBPATH:C:\opencv3.0.0\install\x86\vc14\lib opencv_calib3d300.lib opencv_calib3d300d.lib opencv_core300.lib opencv_core300d.lib opencv_features2d300.lib opencv_features2d300d.lib opencv_flann300.lib opencv_flann300d.lib opencv_hal300.lib opencv_hal300d.lib opencv_highgui300.lib opencv_highgui300d.lib opencv_imgcodecs300.lib opencv_imgcodecs300d.lib opencv_imgproc300.lib opencv_imgproc300d.lib opencv_ml300.lib opencv_ml300d.lib opencv_objdetect300.lib opencv_objdetect300d.lib opencv_photo300.lib opencv_photo300d.lib opencv_shape300.lib opencv_shape300d.lib opencv_stitching300.lib opencv_stitching300d.lib opencv_superres300.lib opencv_superres300d.lib opencv_ts300.lib opencv_ts300d.lib opencv_video300.lib opencv_video300d.lib opencv_videoio300.lib opencv_videoio300d.lib opencv_videostab300.lib opencv_videostab300d.lib kernel32.lib user32.lib gdi32.lib winspool.lib comdlg32.lib advapi32.lib shell32.lib ole32.lib oleaut32.lib uuid.lib odbc32.lib odbccp32.lib /MANIFEST /MANIFESTUAC:"level='asInvoker' uiAccess='false'" /manifest:embed /Debug /PDB:"C:\Users\Husker\Desktop\gantry\gVision\Release\gVision.pdb" /SUBSYSTEM:WINDOWS /OPT:REF /OPT:ICF /LTCG:incremental /TLBID:1 /DYNAMICBASE /NXCOMPAT /IMPLIB:"C:\Users\Husker\Desktop\gantry\gVision\Release\gVision.lib" /MACHINE:X86 /SAFESEH /DLL Release\dllmain.obj
         Release\gVision.obj
         Release\safe_move.obj
         Release\stdafx.obj
            Creating library C:\Users\Husker\Desktop\gantry\gVision\Release\gVision.lib and object C:\Users\Husker\Desktop\gantry\gVision\Release\gVision.exp
         Generating code
         2 of 1176 functions ( 0.2%) were compiled, the rest were copied from previous compilation.
           0 functions were new in current compilation
           19 functions had inline decision re-evaluated but remain unchanged
         Finished generating code
         gVision.vcxproj -> C:\Users\Husker\Desktop\gantry\gVision\Release\gVision.dll
     1>Done Building Project "C:\Users\Husker\Desktop\gantry\gVision\gVision\gVision.vcxproj" (Build target(s)).

Build succeeded.

Time Elapsed 00:00:08.71
